<?xml version="1.0" encoding="UTF-8"?>
<!-- Generated by org.testng.reporters.JUnitReportReporter -->
<testsuite hostname="Prakat-L068" name="excel.excel.Extentreport" tests="1" failures="0" timestamp="31 Dec 2019 06:05:04 GMT" time="24.193" errors="0">
  <testcase name="ExtentReportdemo" time="24.193" classname="excel.excel.Extentreport"/>
</testsuite> <!-- excel.excel.Extentreport -->
